<?xml version="1.0" encoding="UTF-8"?>
<!-- Generated by org.testng.reporters.JUnitReportReporter -->
<testsuite hostname="DESKTOP-GAMC879" failures="0" tests="1" name="com.commerce.tests.Flow01" time="19.717" errors="0" timestamp="28 Nov 2018 15:45:41 GMT" skipped="0">
  <testcase classname="com.commerce.tests.Flow01" name="searchItem" time="19.717"/>
</testsuite> <!-- com.commerce.tests.Flow01 -->
